<?xml version="1.0" encoding="UTF-8"?>
<!-- Generated by org.testng.reporters.JUnitReportReporter -->
<testsuite hostname="SWQA-1" failures="0" tests="10" name="cucumber.CucumberTestRunner" time="237.829" errors="0" timestamp="2024-06-05T09:14:02 BST" skipped="0">
  <testcase classname="cucumber.CucumberTestRunner" name="runScenario" time="164.528"/>
  <testcase classname="cucumber.CucumberTestRunner" name="runScenario" time="8.664"/>
  <testcase classname="cucumber.CucumberTestRunner" name="runScenario" time="7.171"/>
  <testcase classname="cucumber.CucumberTestRunner" name="runScenario" time="3.370"/>
  <testcase classname="cucumber.CucumberTestRunner" name="runScenario" time="10.025"/>
  <testcase classname="cucumber.CucumberTestRunner" name="runScenario" time="10.053"/>
  <testcase classname="cucumber.CucumberTestRunner" name="runScenario" time="6.542"/>
  <testcase classname="cucumber.CucumberTestRunner" name="runScenario" time="5.968"/>
  <testcase classname="cucumber.CucumberTestRunner" name="runScenario" time="11.352"/>
  <testcase classname="cucumber.CucumberTestRunner" name="runScenario" time="10.156"/>
</testsuite> <!-- cucumber.CucumberTestRunner -->
