<?xml version="1.0" encoding="UTF-8"?>
<!-- Generated by org.testng.reporters.JUnitReportReporter -->
<testsuite hostname="SWQA-1" failures="0" tests="4" name="srimettu.tests.UserManagementTest" time="10.726" errors="0" timestamp="2024-04-19T16:35:58 BST" skipped="2">
  <testcase classname="srimettu.tests.UserManagementTest" name="assignDev" time="4.873"/>
  <testcase classname="srimettu.tests.UserManagementTest" name="unassignDev" time="5.853"/>
  <testcase classname="srimettu.tests.UserManagementTest" name="userEdit">
    <skipped/>
  </testcase> <!-- userEdit -->
  <testcase classname="srimettu.tests.UserManagementTest" name="userAdd">
    <skipped/>
  </testcase> <!-- userAdd -->
</testsuite> <!-- srimettu.tests.UserManagementTest -->
