<?xml version="1.0" encoding="UTF-8"?>
<!-- Generated by org.testng.reporters.JUnitReportReporter -->
<testsuite hostname="SWQA-1" failures="0" tests="4" name="srimettu.tests.SysBackup" time="74.868" errors="0" timestamp="2024-05-28T09:32:52 BST" skipped="0">
  <testcase classname="srimettu.tests.SysBackup" name="uploadDB" time="32.241"/>
  <testcase classname="srimettu.tests.SysBackup" name="newBackup" time="7.350"/>
  <testcase classname="srimettu.tests.SysBackup" name="deleteBackup" time="7.496"/>
  <testcase classname="srimettu.tests.SysBackup" name="downloadDB" time="27.781"/>
</testsuite> <!-- srimettu.tests.SysBackup -->
