<?xml version="1.0" encoding="UTF-8"?>
<!-- Generated by org.testng.reporters.JUnitReportReporter -->
<testsuite hostname="SWQA-1" failures="0" tests="1" name="srimettu.tests.deviceManagementTest" time="11.080" errors="0" timestamp="2024-05-16T13:23:55 BST" skipped="0">
  <testcase classname="srimettu.tests.deviceManagementTest" name="deviceEdit" time="11.080"/>
</testsuite> <!-- srimettu.tests.deviceManagementTest -->
