<?xml version="1.0" encoding="UTF-8"?>
<!-- Generated by org.testng.reporters.JUnitReportReporter -->
<testsuite hostname="SWQA-1" failures="0" tests="2" name="srimettu.tests.EscortManagementTest" time="19.519" errors="0" timestamp="2024-05-03T13:42:53 BST" skipped="0">
  <testcase classname="srimettu.tests.EscortManagementTest" name="addEscortEvent" time="12.362"/>
  <testcase classname="srimettu.tests.EscortManagementTest" name="deleteEscortEvent" time="7.157"/>
</testsuite> <!-- srimettu.tests.EscortManagementTest -->
