<?xml version="1.0" encoding="UTF-8"?>
<!-- Generated by org.testng.reporters.JUnitReportReporter -->
<testsuite hostname="SWQA-1" failures="0" tests="5" name="cucumber.TestNGTestRunner" time="59.491" errors="0" timestamp="2024-05-10T16:13:20 BST" skipped="0">
  <testcase classname="cucumber.TestNGTestRunner" name="runScenario" time="8.387"/>
  <testcase classname="cucumber.TestNGTestRunner" name="runScenario" time="8.894"/>
  <testcase classname="cucumber.TestNGTestRunner" name="runScenario" time="29.208"/>
  <testcase classname="cucumber.TestNGTestRunner" name="runScenario" time="3.830"/>
  <testcase classname="cucumber.TestNGTestRunner" name="runScenario" time="9.172"/>
</testsuite> <!-- cucumber.TestNGTestRunner -->
