<?xml version="1.0" encoding="UTF-8"?>
<!-- Generated by org.testng.reporters.JUnitReportReporter -->
<testsuite hostname="SWQA-1" failures="0" tests="6" name="srimettu.tests.StandAloneTest" time="32.912" errors="0" timestamp="2024-06-03T15:52:09 BST" skipped="2">
  <testcase classname="srimettu.tests.StandAloneTest" name="mAlarmClear" time="6.394"/>
  <testcase classname="srimettu.tests.StandAloneTest" name="alarmHistory" time="9.541"/>
  <testcase classname="srimettu.tests.StandAloneTest" name="mableHistory" time="9.708"/>
  <testcase classname="srimettu.tests.StandAloneTest" name="bAlertClear" time="7.269"/>
  <testcase classname="srimettu.tests.StandAloneTest" name="logIn">
    <skipped/>
  </testcase> <!-- logIn -->
  <testcase classname="srimettu.tests.StandAloneTest" name="logOut">
    <skipped/>
  </testcase> <!-- logOut -->
</testsuite> <!-- srimettu.tests.StandAloneTest -->
