<?xml version="1.0" encoding="UTF-8"?>
<!-- Generated by org.testng.reporters.JUnitReportReporter -->
<testsuite hostname="SWQA-1" failures="0" tests="6" name="srimettu.tests.StandAloneTest" time="31.058" errors="0" timestamp="2024-04-25T09:10:11 BST" skipped="0">
  <testcase classname="srimettu.tests.StandAloneTest" name="logIn" time="2.969"/>
  <testcase classname="srimettu.tests.StandAloneTest" name="alarmHistory" time="7.378"/>
  <testcase classname="srimettu.tests.StandAloneTest" name="mAlarmClear" time="4.501"/>
  <testcase classname="srimettu.tests.StandAloneTest" name="logOut" time="3.029"/>
  <testcase classname="srimettu.tests.StandAloneTest" name="mableHistory" time="7.953"/>
  <testcase classname="srimettu.tests.StandAloneTest" name="bAlertClear" time="5.228"/>
</testsuite> <!-- srimettu.tests.StandAloneTest -->
