<?xml version="1.0" encoding="UTF-8"?>
<!-- Generated by org.testng.reporters.JUnitReportReporter -->
<testsuite hostname="SWQA-1" failures="0" tests="6" name="srimettu.tests.DataProviderEValidation" time="17.066" errors="0" timestamp="2024-05-31T12:55:43 BST" skipped="0">
  <testcase classname="srimettu.tests.DataProviderEValidation" name="logInCheckdata" time="2.701"/>
  <testcase classname="srimettu.tests.DataProviderEValidation" name="logInCheck" time="2.751"/>
  <testcase classname="srimettu.tests.DataProviderEValidation" name="logInCheckdata" time="2.749"/>
  <testcase classname="srimettu.tests.DataProviderEValidation" name="logInCheck" time="2.720"/>
  <testcase classname="srimettu.tests.DataProviderEValidation" name="InvalidlogIn" time="2.779"/>
  <testcase classname="srimettu.tests.DataProviderEValidation" name="InvalidlogIn" time="3.366"/>
</testsuite> <!-- srimettu.tests.DataProviderEValidation -->
