<?xml version="1.0" encoding="UTF-8"?>
<!-- Generated by org.testng.reporters.JUnitReportReporter -->
<testsuite hostname="SWQA-1" failures="0" tests="2" name="srimettu.tests.deviceManagementTest" time="13.492" errors="0" timestamp="2024-05-10T15:53:56 BST" skipped="1">
  <testcase classname="srimettu.tests.deviceManagementTest" name="deviceEdit" time="13.492"/>
  <testcase classname="srimettu.tests.deviceManagementTest" name="loadDevice">
    <skipped/>
  </testcase> <!-- loadDevice -->
</testsuite> <!-- srimettu.tests.deviceManagementTest -->
