<?xml version="1.0" encoding="UTF-8"?>
<!-- Generated by org.testng.reporters.JUnitReportReporter -->
<testsuite hostname="SWQA-1" failures="0" tests="3" name="srimettu.tests.SysConfigTest" time="7.953" errors="0" timestamp="2024-05-08T15:13:12 BST" skipped="2">
  <testcase classname="srimettu.tests.SysConfigTest" name="intAlarm" time="7.953"/>
  <testcase classname="srimettu.tests.SysConfigTest" name="ekIP">
    <skipped/>
  </testcase> <!-- ekIP -->
  <testcase classname="srimettu.tests.SysConfigTest" name="hubIP">
    <skipped/>
  </testcase> <!-- hubIP -->
</testsuite> <!-- srimettu.tests.SysConfigTest -->
