<?xml version="1.0" encoding="UTF-8"?>
<!-- Generated by org.testng.reporters.JUnitReportReporter -->
<testsuite hostname="SWQA-1" failures="0" tests="6" name="srimettu.tests.DataProviderEValidation" time="22.178" errors="0" timestamp="2024-05-01T14:14:05 BST" skipped="0">
  <testcase classname="srimettu.tests.DataProviderEValidation" name="logInCheck" time="4.253"/>
  <testcase classname="srimettu.tests.DataProviderEValidation" name="logInCheckdata" time="3.475"/>
  <testcase classname="srimettu.tests.DataProviderEValidation" name="InvalidlogIn" time="3.599"/>
  <testcase classname="srimettu.tests.DataProviderEValidation" name="InvalidlogIn" time="3.592"/>
  <testcase classname="srimettu.tests.DataProviderEValidation" name="logInCheckdata" time="3.928"/>
  <testcase classname="srimettu.tests.DataProviderEValidation" name="logInCheck" time="3.331"/>
</testsuite> <!-- srimettu.tests.DataProviderEValidation -->
