<?xml version="1.0" encoding="UTF-8"?>
<!-- Generated by org.testng.reporters.JUnitReportReporter -->
<testsuite hostname="SWQA-1" failures="0" tests="5" name="srimettu.tests.UserManagementTest" time="15.428" errors="0" timestamp="2024-04-30T10:23:57 BST" skipped="3">
  <testcase classname="srimettu.tests.UserManagementTest" name="userDelete" time="7.193"/>
  <testcase classname="srimettu.tests.UserManagementTest" name="userAdd" time="8.235"/>
  <testcase classname="srimettu.tests.UserManagementTest" name="assignDev">
    <skipped/>
  </testcase> <!-- assignDev -->
  <testcase classname="srimettu.tests.UserManagementTest" name="unassignDev">
    <skipped/>
  </testcase> <!-- unassignDev -->
  <testcase classname="srimettu.tests.UserManagementTest" name="userEdit">
    <skipped/>
  </testcase> <!-- userEdit -->
</testsuite> <!-- srimettu.tests.UserManagementTest -->
