<?xml version="1.0" encoding="UTF-8"?>
<!-- Generated by org.testng.reporters.JUnitReportReporter -->
<testsuite hostname="SWQA-1" failures="0" tests="3" name="srimettu.tests.SysBackup" time="61.889" errors="0" timestamp="2024-05-21T12:47:17 BST" skipped="1">
  <testcase classname="srimettu.tests.SysBackup" name="downloadDB" time="28.618"/>
  <testcase classname="srimettu.tests.SysBackup" name="uploadDB" time="33.271"/>
  <testcase classname="srimettu.tests.SysBackup" name="intAlarm">
    <skipped/>
  </testcase> <!-- intAlarm -->
</testsuite> <!-- srimettu.tests.SysBackup -->
