<?xml version="1.0" encoding="UTF-8"?>
<!-- Generated by org.testng.reporters.JUnitReportReporter -->
<testsuite hostname="SWQA-1" failures="0" tests="2" name="srimettu.tests.EscortManagementTest" time="17.332" errors="0" timestamp="2024-04-25T16:20:00 BST" skipped="0">
  <testcase classname="srimettu.tests.EscortManagementTest" name="addEscortEvent" time="12.244"/>
  <testcase classname="srimettu.tests.EscortManagementTest" name="deleteEscortEvent" time="5.088"/>
</testsuite> <!-- srimettu.tests.EscortManagementTest -->
