<?xml version="1.0" encoding="UTF-8"?>
<!-- Generated by org.testng.reporters.JUnitReportReporter -->
<testsuite hostname="SWQA-1" failures="0" tests="2" name="srimettu.tests.deviceManagementTest" time="7.298" errors="0" timestamp="2024-04-23T14:04:04 BST" skipped="1">
  <testcase classname="srimettu.tests.deviceManagementTest" name="deviceEdit" time="7.298"/>
  <testcase classname="srimettu.tests.deviceManagementTest" name="loadDevice">
    <skipped/>
  </testcase> <!-- loadDevice -->
</testsuite> <!-- srimettu.tests.deviceManagementTest -->
