<?xml version="1.0" encoding="UTF-8"?>
<!-- Generated by org.testng.reporters.JUnitReportReporter -->
<testsuite hostname="SWQA-1" failures="0" tests="5" name="cucumber.TestNGTestRunner" time="56.281" errors="0" timestamp="2024-05-15T12:41:22 BST" skipped="0">
  <testcase classname="cucumber.TestNGTestRunner" name="runScenario" time="7.089"/>
  <testcase classname="cucumber.TestNGTestRunner" name="runScenario" time="2.917"/>
  <testcase classname="cucumber.TestNGTestRunner" name="runScenario" time="28.010"/>
  <testcase classname="cucumber.TestNGTestRunner" name="runScenario" time="10.994"/>
  <testcase classname="cucumber.TestNGTestRunner" name="runScenario" time="7.271"/>
</testsuite> <!-- cucumber.TestNGTestRunner -->
