<?xml version="1.0" encoding="UTF-8"?>
<!-- Generated by org.testng.reporters.JUnitReportReporter -->
<testsuite hostname="SWQA-1" failures="0" tests="6" name="srimettu.tests.deviceManagementTest" time="78.781" errors="0" timestamp="2024-05-08T13:27:52 BST" skipped="0">
  <testcase classname="srimettu.tests.deviceManagementTest" name="delBeacon" time="11.581"/>
  <testcase classname="srimettu.tests.deviceManagementTest" name="loadDevice" time="28.755"/>
  <testcase classname="srimettu.tests.deviceManagementTest" name="addBeacon" time="11.566"/>
  <testcase classname="srimettu.tests.deviceManagementTest" name="assignUser" time="10.246"/>
  <testcase classname="srimettu.tests.deviceManagementTest" name="deviceEdit" time="8.971"/>
  <testcase classname="srimettu.tests.deviceManagementTest" name="unAssignUser" time="7.662"/>
</testsuite> <!-- srimettu.tests.deviceManagementTest -->
