<?xml version="1.0" encoding="UTF-8"?>
<!-- Generated by org.testng.reporters.JUnitReportReporter -->
<testsuite hostname="SWQA-1" failures="0" tests="10" name="cucumber.CucumberTestRunner" time="236.942" errors="0" timestamp="2024-06-03T15:49:21 BST" skipped="0">
  <testcase classname="cucumber.CucumberTestRunner" name="runScenario" time="8.093"/>
  <testcase classname="cucumber.CucumberTestRunner" name="runScenario" time="3.115"/>
  <testcase classname="cucumber.CucumberTestRunner" name="runScenario" time="7.099"/>
  <testcase classname="cucumber.CucumberTestRunner" name="runScenario" time="9.616"/>
  <testcase classname="cucumber.CucumberTestRunner" name="runScenario" time="5.693"/>
  <testcase classname="cucumber.CucumberTestRunner" name="runScenario" time="9.711"/>
  <testcase classname="cucumber.CucumberTestRunner" name="runScenario" time="9.518"/>
  <testcase classname="cucumber.CucumberTestRunner" name="runScenario" time="164.884"/>
  <testcase classname="cucumber.CucumberTestRunner" name="runScenario" time="10.665"/>
  <testcase classname="cucumber.CucumberTestRunner" name="runScenario" time="8.548"/>
</testsuite> <!-- cucumber.CucumberTestRunner -->
