<?xml version="1.0" encoding="UTF-8"?>
<!-- Generated by org.testng.reporters.JUnitReportReporter -->
<testsuite hostname="SWQA-1" failures="0" tests="3" name="srimettu.tests.SysConfigTest" time="21.517" errors="0" timestamp="2024-05-10T12:11:36 BST" skipped="0">
  <testcase classname="srimettu.tests.SysConfigTest" name="intAlarm" time="6.839"/>
  <testcase classname="srimettu.tests.SysConfigTest" name="ekIP" time="6.999"/>
  <testcase classname="srimettu.tests.SysConfigTest" name="hubIP" time="7.679"/>
</testsuite> <!-- srimettu.tests.SysConfigTest -->
