<?xml version="1.0" encoding="UTF-8"?>
<!-- Generated by org.testng.reporters.JUnitReportReporter -->
<testsuite hostname="SWQA-1" failures="0" tests="7" name="cucumber.CucumberTestRunner" time="77.023" errors="0" timestamp="2024-05-16T13:26:20 BST" skipped="0">
  <testcase classname="cucumber.CucumberTestRunner" name="runScenario" time="7.935"/>
  <testcase classname="cucumber.CucumberTestRunner" name="runScenario" time="6.982"/>
  <testcase classname="cucumber.CucumberTestRunner" name="runScenario" time="10.874"/>
  <testcase classname="cucumber.CucumberTestRunner" name="runScenario" time="3.037"/>
  <testcase classname="cucumber.CucumberTestRunner" name="runScenario" time="9.135"/>
  <testcase classname="cucumber.CucumberTestRunner" name="runScenario" time="10.342"/>
  <testcase classname="cucumber.CucumberTestRunner" name="runScenario" time="28.718"/>
</testsuite> <!-- cucumber.CucumberTestRunner -->
