<?xml version="1.0" encoding="UTF-8"?>
<!-- Generated by org.testng.reporters.JUnitReportReporter -->
<testsuite hostname="SWQA-1" failures="0" tests="2" name="srimettu.tests.EscortManagementTest" time="21.558" errors="0" timestamp="2024-05-01T14:14:05 BST" skipped="0">
  <testcase classname="srimettu.tests.EscortManagementTest" name="deleteEscortEvent" time="7.591"/>
  <testcase classname="srimettu.tests.EscortManagementTest" name="addEscortEvent" time="13.967"/>
</testsuite> <!-- srimettu.tests.EscortManagementTest -->
