<?xml version="1.0" encoding="UTF-8"?>
<!-- Generated by org.testng.reporters.JUnitReportReporter -->
<testsuite hostname="SWQA-1" failures="0" tests="2" name="srimettu.tests.EscortManagementTest" time="19.198" errors="0" timestamp="2024-05-09T09:15:37 BST" skipped="0">
  <testcase classname="srimettu.tests.EscortManagementTest" name="deleteEscortEvent" time="7.412"/>
  <testcase classname="srimettu.tests.EscortManagementTest" name="addEscortEvent" time="11.786"/>
</testsuite> <!-- srimettu.tests.EscortManagementTest -->
