<?xml version="1.0" encoding="UTF-8"?>
<!-- Generated by org.testng.reporters.JUnitReportReporter -->
<testsuite hostname="SWQA-1" failures="0" tests="10" name="cucumber.CucumberTestRunner" time="250.951" errors="1" timestamp="2024-06-04T11:57:52 BST" skipped="0">
  <testcase classname="cucumber.CucumberTestRunner" name="runScenario" time="7.474"/>
  <testcase classname="cucumber.CucumberTestRunner" name="runScenario" time="9.657"/>
  <testcase classname="cucumber.CucumberTestRunner" name="runScenario" time="11.545"/>
  <testcase classname="cucumber.CucumberTestRunner" name="runScenario" time="3.374"/>
  <testcase classname="cucumber.CucumberTestRunner" name="runScenario" time="9.677"/>
  <testcase classname="cucumber.CucumberTestRunner" name="runScenario" time="9.790"/>
  <testcase classname="cucumber.CucumberTestRunner" name="runScenario" time="9.863"/>
  <testcase classname="cucumber.CucumberTestRunner" name="runScenario" time="14.976">
    <error message="Remote browser did not respond to getCurrentUrl
Build info: version: &#039;4.21.0&#039;, revision: &#039;79ed462ef4&#039;
System info: os.name: &#039;Windows 11&#039;, os.arch: &#039;amd64&#039;, os.version: &#039;10.0&#039;, java.version: &#039;17.0.10&#039;
Driver info: driver.version: RemoteWebDriver" type="org.openqa.selenium.WebDriverException">
      <![CDATA[org.openqa.selenium.WebDriverException: Remote browser did not respond to getCurrentUrl
Build info: version: '4.21.0', revision: '79ed462ef4'
System info: os.name: 'Windows 11', os.arch: 'amd64', os.version: '10.0', java.version: '17.0.10'
Driver info: driver.version: RemoteWebDriver
at org.openqa.selenium.remote.RemoteWebDriver.getCurrentUrl(RemoteWebDriver.java:314)
at srimettu.pageobjects.LandingPage.goTo(LandingPage.java:43)
at srimettu.TestComponents.baseTest.launchApplication(baseTest.java:87)
at srimettu.stepDefinitions.StepDefenitionImpl.Open_the_browser_and_enter_the_url(StepDefenitionImpl.java:25)
at âœ½.Open the browser and enter the url(file:///C:/Users/smettu/CI-CD/src/test/java/cucumber/Dashboard.feature:6)
]]>
    </error>
  </testcase> <!-- runScenario -->
  <testcase classname="cucumber.CucumberTestRunner" name="runScenario" time="9.344"/>
  <testcase classname="cucumber.CucumberTestRunner" name="runScenario" time="165.251"/>
</testsuite> <!-- cucumber.CucumberTestRunner -->
