<?xml version="1.0" encoding="UTF-8"?>
<!-- Generated by org.testng.reporters.JUnitReportReporter -->
<testsuite hostname="SWQA-1" failures="0" tests="3" name="srimettu.tests.deviceManagementTest" time="165.755" errors="0" timestamp="2024-05-29T08:28:34 BST" skipped="2">
  <testcase classname="srimettu.tests.deviceManagementTest" name="loadDevice" time="165.755"/>
  <testcase classname="srimettu.tests.deviceManagementTest" name="deviceEdit">
    <skipped/>
  </testcase> <!-- deviceEdit -->
  <testcase classname="srimettu.tests.deviceManagementTest" name="deviceEditstaff">
    <skipped/>
  </testcase> <!-- deviceEditstaff -->
</testsuite> <!-- srimettu.tests.deviceManagementTest -->
