<?xml version="1.0" encoding="UTF-8"?>
<!-- Generated by org.testng.reporters.JUnitReportReporter -->
<testsuite hostname="SWQA-1" failures="0" tests="1" name="srimettu.tests.ReportsTest" time="19.047" errors="0" timestamp="2024-06-06T15:19:35 BST" skipped="0">
  <testcase classname="srimettu.tests.ReportsTest" name="genanddelReport" time="19.047"/>
</testsuite> <!-- srimettu.tests.ReportsTest -->
