<?xml version="1.0" encoding="UTF-8"?>
<!-- Generated by org.testng.reporters.JUnitReportReporter -->
<testsuite hostname="SWQA-1" failures="0" tests="11" name="srimettu.tests.deviceManagementTest" time="123.150" errors="0" timestamp="2024-05-10T12:31:44 BST" skipped="0">
  <testcase classname="srimettu.tests.deviceManagementTest" name="addAlarmArea" time="8.990"/>
  <testcase classname="srimettu.tests.deviceManagementTest" name="deviceEdit" time="8.860"/>
  <testcase classname="srimettu.tests.deviceManagementTest" name="editGateway" time="9.512"/>
  <testcase classname="srimettu.tests.deviceManagementTest" name="loadDevice" time="29.173"/>
  <testcase classname="srimettu.tests.deviceManagementTest" name="unAssignUser" time="8.023"/>
  <testcase classname="srimettu.tests.deviceManagementTest" name="addGateway" time="9.218"/>
  <testcase classname="srimettu.tests.deviceManagementTest" name="delAlarmArea" time="9.016"/>
  <testcase classname="srimettu.tests.deviceManagementTest" name="assignUser" time="10.192"/>
  <testcase classname="srimettu.tests.deviceManagementTest" name="delBeacon" time="11.729"/>
  <testcase classname="srimettu.tests.deviceManagementTest" name="addBeacon" time="9.040"/>
  <testcase classname="srimettu.tests.deviceManagementTest" name="DeleteGateway" time="9.397"/>
</testsuite> <!-- srimettu.tests.deviceManagementTest -->
