<?xml version="1.0" encoding="UTF-8"?>
<!-- Generated by org.testng.reporters.JUnitReportReporter -->
<testsuite hostname="SWQA-1" failures="0" tests="2" name="srimettu.tests.EscortManagementTest" time="21.596" errors="0" timestamp="2024-05-02T09:46:11 BST" skipped="0">
  <testcase classname="srimettu.tests.EscortManagementTest" name="deleteEscortEvent" time="7.600"/>
  <testcase classname="srimettu.tests.EscortManagementTest" name="addEscortEvent" time="13.996"/>
</testsuite> <!-- srimettu.tests.EscortManagementTest -->
