<?xml version="1.0" encoding="UTF-8"?>
<!-- Generated by org.testng.reporters.JUnitReportReporter -->
<testsuite hostname="SWQA-1" failures="0" tests="1" name="cucumber.TestNGTestRunner" time="4.097" errors="0" timestamp="2024-05-02T09:46:11 BST" skipped="0">
  <testcase classname="cucumber.TestNGTestRunner" name="runScenario" time="4.097"/>
</testsuite> <!-- cucumber.TestNGTestRunner -->
