<?xml version="1.0" encoding="UTF-8"?>
<!-- Generated by org.testng.reporters.JUnitReportReporter -->
<testsuite hostname="SWQA-1" failures="0" tests="6" name="srimettu.tests.StandAloneTest" time="19.126" errors="0" timestamp="2024-05-03T14:52:46 BST" skipped="4">
  <testcase classname="srimettu.tests.StandAloneTest" name="alarmHistory" time="9.506"/>
  <testcase classname="srimettu.tests.StandAloneTest" name="mableHistory" time="9.620"/>
  <testcase classname="srimettu.tests.StandAloneTest" name="mAlarmClear">
    <skipped/>
  </testcase> <!-- mAlarmClear -->
  <testcase classname="srimettu.tests.StandAloneTest" name="logIn">
    <skipped/>
  </testcase> <!-- logIn -->
  <testcase classname="srimettu.tests.StandAloneTest" name="bAlertClear">
    <skipped/>
  </testcase> <!-- bAlertClear -->
  <testcase classname="srimettu.tests.StandAloneTest" name="logOut">
    <skipped/>
  </testcase> <!-- logOut -->
</testsuite> <!-- srimettu.tests.StandAloneTest -->
