<?xml version="1.0" encoding="UTF-8"?>
<!-- Generated by org.testng.reporters.JUnitReportReporter -->
<testsuite hostname="SWQA-1" failures="0" tests="3" name="srimettu.tests.SysConfigTest" time="18.741" errors="0" timestamp="2024-05-31T15:25:18 BST" skipped="0">
  <testcase classname="srimettu.tests.SysConfigTest" name="ekIP" time="6.401"/>
  <testcase classname="srimettu.tests.SysConfigTest" name="hubIP" time="6.187"/>
  <testcase classname="srimettu.tests.SysConfigTest" name="intAlarm" time="6.153"/>
</testsuite> <!-- srimettu.tests.SysConfigTest -->
